<?xml version="1.0" encoding="UTF-8"?>
<testsuite name="com.imooc.manager.controller.ProductControllerTest" tests="3" skipped="0" failures="1" errors="0" timestamp="2019-11-05T08:33:16" hostname="LAPTOP-N222OIRL" time="1.713">
  <properties/>
  <testcase name="acreateException" classname="com.imooc.manager.controller.ProductControllerTest" time="1.198">
    <failure message="java.lang.IllegalArgumentException: 插入成功" type="java.lang.IllegalArgumentException">java.lang.IllegalArgumentException: 插入成功
	at org.springframework.util.Assert.isTrue(Assert.java:116)
	at com.imooc.manager.controller.ProductControllerTest.lambda$acreateException$1(ProductControllerTest.java:98)
	at java.util.ArrayList.forEach(ArrayList.java:1249)
	at com.imooc.manager.controller.ProductControllerTest.acreateException(ProductControllerTest.java:96)
	at sun.reflect.NativeMethodAccessorImpl.invoke0(Native Method)
	at sun.reflect.NativeMethodAccessorImpl.invoke(NativeMethodAccessorImpl.java:62)
	at sun.reflect.DelegatingMethodAccessorImpl.invoke(DelegatingMethodAccessorImpl.java:43)
	at java.lang.reflect.Method.invoke(Method.java:498)
	at org.junit.runners.model.FrameworkMethod$1.runReflectiveCall(FrameworkMethod.java:50)
	at org.junit.internal.runners.model.ReflectiveCallable.run(ReflectiveCallable.java:12)
	at org.junit.runners.model.FrameworkMethod.invokeExplosively(FrameworkMethod.java:47)
	at org.junit.internal.runners.statements.InvokeMethod.evaluate(InvokeMethod.java:17)
	at org.springframework.test.context.junit4.statements.RunBeforeTestExecutionCallbacks.evaluate(RunBeforeTestExecutionCallbacks.java:73)
	at org.springframework.test.context.junit4.statements.RunAfterTestExecutionCallbacks.evaluate(RunAfterTestExecutionCallbacks.java:83)
	at org.springframework.test.context.junit4.statements.RunBeforeTestMethodCallbacks.evaluate(RunBeforeTestMethodCallbacks.java:75)
	at org.springframework.test.context.junit4.statements.RunAfterTestMethodCallbacks.evaluate(RunAfterTestMethodCallbacks.java:86)
	at org.springframework.test.context.junit4.statements.SpringRepeat.evaluate(SpringRepeat.java:84)
	at org.junit.runners.ParentRunner.runLeaf(ParentRunner.java:325)
	at org.springframework.test.context.junit4.SpringJUnit4ClassRunner.runChild(SpringJUnit4ClassRunner.java:251)
	at org.springframework.test.context.junit4.SpringJUnit4ClassRunner.runChild(SpringJUnit4ClassRunner.java:97)
	at org.junit.runners.ParentRunner$3.run(ParentRunner.java:290)
	at org.junit.runners.ParentRunner$1.schedule(ParentRunner.java:71)
	at org.junit.runners.ParentRunner.runChildren(ParentRunner.java:288)
	at org.junit.runners.ParentRunner.access$000(ParentRunner.java:58)
	at org.junit.runners.ParentRunner$2.evaluate(ParentRunner.java:268)
	at org.junit.internal.runners.statements.RunBefores.evaluate(RunBefores.java:26)
	at org.springframework.test.context.junit4.statements.RunBeforeTestClassCallbacks.evaluate(RunBeforeTestClassCallbacks.java:61)
	at org.springframework.test.context.junit4.statements.RunAfterTestClassCallbacks.evaluate(RunAfterTestClassCallbacks.java:70)
	at org.junit.runners.ParentRunner.run(ParentRunner.java:363)
	at org.springframework.test.context.junit4.SpringJUnit4ClassRunner.run(SpringJUnit4ClassRunner.java:190)
	at org.gradle.api.internal.tasks.testing.junit.JUnitTestClassExecuter.runTestClass(JUnitTestClassExecuter.java:114)
	at org.gradle.api.internal.tasks.testing.junit.JUnitTestClassExecuter.execute(JUnitTestClassExecuter.java:57)
	at org.gradle.api.internal.tasks.testing.junit.JUnitTestClassProcessor.processTestClass(JUnitTestClassProcessor.java:66)
	at org.gradle.api.internal.tasks.testing.SuiteTestClassProcessor.processTestClass(SuiteTestClassProcessor.java:51)
	at sun.reflect.NativeMethodAccessorImpl.invoke0(Native Method)
	at sun.reflect.NativeMethodAccessorImpl.invoke(NativeMethodAccessorImpl.java:62)
	at sun.reflect.DelegatingMethodAccessorImpl.invoke(DelegatingMethodAccessorImpl.java:43)
	at java.lang.reflect.Method.invoke(Method.java:498)
	at org.gradle.internal.dispatch.ReflectionDispatch.dispatch(ReflectionDispatch.java:35)
	at org.gradle.internal.dispatch.ReflectionDispatch.dispatch(ReflectionDispatch.java:24)
	at org.gradle.internal.dispatch.ContextClassLoaderDispatch.dispatch(ContextClassLoaderDispatch.java:32)
	at org.gradle.internal.dispatch.ProxyDispatchAdapter$DispatchingInvocationHandler.invoke(ProxyDispatchAdapter.java:93)
	at com.sun.proxy.$Proxy1.processTestClass(Unknown Source)
	at org.gradle.api.internal.tasks.testing.worker.TestWorker.processTestClass(TestWorker.java:108)
	at sun.reflect.NativeMethodAccessorImpl.invoke0(Native Method)
	at sun.reflect.NativeMethodAccessorImpl.invoke(NativeMethodAccessorImpl.java:62)
	at sun.reflect.DelegatingMethodAccessorImpl.invoke(DelegatingMethodAccessorImpl.java:43)
	at java.lang.reflect.Method.invoke(Method.java:498)
	at org.gradle.internal.dispatch.ReflectionDispatch.dispatch(ReflectionDispatch.java:35)
	at org.gradle.internal.dispatch.ReflectionDispatch.dispatch(ReflectionDispatch.java:24)
	at org.gradle.internal.remote.internal.hub.MessageHubBackedObjectConnection$DispatchWrapper.dispatch(MessageHubBackedObjectConnection.java:146)
	at org.gradle.internal.remote.internal.hub.MessageHubBackedObjectConnection$DispatchWrapper.dispatch(MessageHubBackedObjectConnection.java:128)
	at org.gradle.internal.remote.internal.hub.MessageHub$Handler.run(MessageHub.java:404)
	at org.gradle.internal.concurrent.ExecutorPolicy$CatchAndRecordFailures.onExecute(ExecutorPolicy.java:63)
	at org.gradle.internal.concurrent.ManagedExecutorImpl$1.run(ManagedExecutorImpl.java:46)
	at java.util.concurrent.ThreadPoolExecutor.runWorker(ThreadPoolExecutor.java:1142)
	at java.util.concurrent.ThreadPoolExecutor$Worker.run(ThreadPoolExecutor.java:617)
	at org.gradle.internal.concurrent.ThreadFactoryImpl$ManagedThreadRunnable.run(ThreadFactoryImpl.java:55)
	at java.lang.Thread.run(Thread.java:745)
</failure>
  </testcase>
  <testcase name="create" classname="com.imooc.manager.controller.ProductControllerTest" time="0.385"/>
  <testcase name="zfindOne" classname="com.imooc.manager.controller.ProductControllerTest" time="0.127"/>
  <system-out><![CDATA[16:33:04.877 [Test worker] DEBUG org.springframework.test.context.junit4.SpringJUnit4ClassRunner - SpringJUnit4ClassRunner constructor called with [class com.imooc.manager.controller.ProductControllerTest]
16:33:04.892 [Test worker] DEBUG org.springframework.test.context.BootstrapUtils - Instantiating CacheAwareContextLoaderDelegate from class [org.springframework.test.context.cache.DefaultCacheAwareContextLoaderDelegate]
16:33:04.907 [Test worker] DEBUG org.springframework.test.context.BootstrapUtils - Instantiating BootstrapContext using constructor [public org.springframework.test.context.support.DefaultBootstrapContext(java.lang.Class,org.springframework.test.context.CacheAwareContextLoaderDelegate)]
16:33:04.930 [Test worker] DEBUG org.springframework.test.context.BootstrapUtils - Instantiating TestContextBootstrapper for test class [com.imooc.manager.controller.ProductControllerTest] from class [org.springframework.boot.test.context.SpringBootTestContextBootstrapper]
16:33:04.958 [Test worker] INFO org.springframework.boot.test.context.SpringBootTestContextBootstrapper - Neither @ContextConfiguration nor @ContextHierarchy found for test class [com.imooc.manager.controller.ProductControllerTest], using SpringBootContextLoader
16:33:04.967 [Test worker] DEBUG org.springframework.test.context.support.AbstractContextLoader - Did not detect default resource location for test class [com.imooc.manager.controller.ProductControllerTest]: class path resource [com/imooc/manager/controller/ProductControllerTest-context.xml] does not exist
16:33:04.968 [Test worker] DEBUG org.springframework.test.context.support.AbstractContextLoader - Did not detect default resource location for test class [com.imooc.manager.controller.ProductControllerTest]: class path resource [com/imooc/manager/controller/ProductControllerTestContext.groovy] does not exist
16:33:04.969 [Test worker] INFO org.springframework.test.context.support.AbstractContextLoader - Could not detect default resource locations for test class [com.imooc.manager.controller.ProductControllerTest]: no resource found for suffixes {-context.xml, Context.groovy}.
16:33:05.046 [Test worker] DEBUG org.springframework.test.context.support.ActiveProfilesUtils - Could not find an 'annotation declaring class' for annotation type [org.springframework.test.context.ActiveProfiles] and class [com.imooc.manager.controller.ProductControllerTest]
16:33:05.312 [Test worker] DEBUG org.springframework.boot.test.context.SpringBootTestContextBootstrapper - @TestExecutionListeners is not present for class [com.imooc.manager.controller.ProductControllerTest]: using defaults.
16:33:05.314 [Test worker] INFO org.springframework.boot.test.context.SpringBootTestContextBootstrapper - Loaded default TestExecutionListener class names from location [META-INF/spring.factories]: [org.springframework.boot.test.autoconfigure.restdocs.RestDocsTestExecutionListener, org.springframework.boot.test.autoconfigure.web.client.MockRestServiceServerResetTestExecutionListener, org.springframework.boot.test.autoconfigure.web.servlet.MockMvcPrintOnlyOnFailureTestExecutionListener, org.springframework.boot.test.autoconfigure.web.servlet.WebDriverTestExecutionListener, org.springframework.boot.test.mock.mockito.MockitoTestExecutionListener, org.springframework.boot.test.mock.mockito.ResetMocksTestExecutionListener, org.springframework.test.context.web.ServletTestExecutionListener, org.springframework.test.context.support.DirtiesContextBeforeModesTestExecutionListener, org.springframework.test.context.support.DependencyInjectionTestExecutionListener, org.springframework.test.context.support.DirtiesContextTestExecutionListener, org.springframework.test.context.transaction.TransactionalTestExecutionListener, org.springframework.test.context.jdbc.SqlScriptsTestExecutionListener]
16:33:05.361 [Test worker] INFO org.springframework.boot.test.context.SpringBootTestContextBootstrapper - Using TestExecutionListeners: [org.springframework.test.context.web.ServletTestExecutionListener@473fad5f, org.springframework.test.context.support.DirtiesContextBeforeModesTestExecutionListener@2b9e3269, org.springframework.boot.test.mock.mockito.MockitoTestExecutionListener@283fc5d2, org.springframework.boot.test.autoconfigure.SpringBootDependencyInjectionTestExecutionListener@68ed7e21, org.springframework.test.context.support.DirtiesContextTestExecutionListener@52826336, org.springframework.test.context.transaction.TransactionalTestExecutionListener@8550e75, org.springframework.test.context.jdbc.SqlScriptsTestExecutionListener@5e124bf8, org.springframework.boot.test.autoconfigure.restdocs.RestDocsTestExecutionListener@5d8d2a6d, org.springframework.boot.test.autoconfigure.web.client.MockRestServiceServerResetTestExecutionListener@1cd77939, org.springframework.boot.test.autoconfigure.web.servlet.MockMvcPrintOnlyOnFailureTestExecutionListener@3c51fa70, org.springframework.boot.test.autoconfigure.web.servlet.WebDriverTestExecutionListener@70d02b89, org.springframework.boot.test.mock.mockito.ResetMocksTestExecutionListener@44bab9bc]
16:33:05.367 [Test worker] DEBUG org.springframework.test.annotation.ProfileValueUtils - Retrieved @ProfileValueSourceConfiguration [null] for test class [com.imooc.manager.controller.ProductControllerTest]
16:33:05.368 [Test worker] DEBUG org.springframework.test.annotation.ProfileValueUtils - Retrieved ProfileValueSource type [class org.springframework.test.annotation.SystemProfileValueSource] for class [com.imooc.manager.controller.ProductControllerTest]
16:33:05.369 [Test worker] DEBUG org.springframework.test.annotation.ProfileValueUtils - Retrieved @ProfileValueSourceConfiguration [null] for test class [com.imooc.manager.controller.ProductControllerTest]
16:33:05.369 [Test worker] DEBUG org.springframework.test.annotation.ProfileValueUtils - Retrieved ProfileValueSource type [class org.springframework.test.annotation.SystemProfileValueSource] for class [com.imooc.manager.controller.ProductControllerTest]
16:33:05.380 [Test worker] DEBUG org.springframework.test.context.support.AbstractDirtiesContextTestExecutionListener - Before test class: context [DefaultTestContext@357d2e9d testClass = ProductControllerTest, testInstance = [null], testMethod = [null], testException = [null], mergedContextConfiguration = [WebMergedContextConfiguration@65b04fba testClass = ProductControllerTest, locations = '{}', classes = '{class com.imooc.manager.ManagerApp, class com.imooc.manager.ManagerApp}', contextInitializerClasses = '[]', activeProfiles = '{}', propertySourceLocations = '{}', propertySourceProperties = '{org.springframework.boot.test.context.SpringBootTestContextBootstrapper=true, server.port=0}', contextCustomizers = set[org.springframework.boot.test.autoconfigure.properties.PropertyMappingContextCustomizer@0, org.springframework.boot.test.autoconfigure.web.servlet.WebDriverContextCustomizerFactory$Customizer@16c5d46d, org.springframework.boot.test.context.filter.ExcludeFilterContextCustomizer@8925cd7, org.springframework.boot.test.json.DuplicateJsonObjectContextCustomizerFactory$DuplicateJsonObjectContextCustomizer@62a5550f, org.springframework.boot.test.mock.mockito.MockitoContextCustomizer@0, org.springframework.boot.test.web.client.TestRestTemplateContextCustomizer@6a20d3cd], resourceBasePath = 'src/main/webapp', contextLoader = 'org.springframework.boot.test.context.SpringBootContextLoader', parent = [null]], attributes = map['org.springframework.test.context.web.ServletTestExecutionListener.activateListener' -> false]], class annotated with @DirtiesContext [false] with mode [null].
16:33:05.827 [Test worker] DEBUG org.springframework.test.annotation.ProfileValueUtils - Retrieved @ProfileValueSourceConfiguration [null] for test class [com.imooc.manager.controller.ProductControllerTest]
16:33:05.828 [Test worker] DEBUG org.springframework.test.annotation.ProfileValueUtils - Retrieved ProfileValueSource type [class org.springframework.test.annotation.SystemProfileValueSource] for class [com.imooc.manager.controller.ProductControllerTest]
16:33:05.836 [Test worker] DEBUG org.springframework.test.context.support.DependencyInjectionTestExecutionListener - Performing dependency injection for test context [[DefaultTestContext@357d2e9d testClass = ProductControllerTest, testInstance = com.imooc.manager.controller.ProductControllerTest@7b2df103, testMethod = [null], testException = [null], mergedContextConfiguration = [WebMergedContextConfiguration@65b04fba testClass = ProductControllerTest, locations = '{}', classes = '{class com.imooc.manager.ManagerApp, class com.imooc.manager.ManagerApp}', contextInitializerClasses = '[]', activeProfiles = '{}', propertySourceLocations = '{}', propertySourceProperties = '{org.springframework.boot.test.context.SpringBootTestContextBootstrapper=true, server.port=0}', contextCustomizers = set[org.springframework.boot.test.autoconfigure.properties.PropertyMappingContextCustomizer@0, org.springframework.boot.test.autoconfigure.web.servlet.WebDriverContextCustomizerFactory$Customizer@16c5d46d, org.springframework.boot.test.context.filter.ExcludeFilterContextCustomizer@8925cd7, org.springframework.boot.test.json.DuplicateJsonObjectContextCustomizerFactory$DuplicateJsonObjectContextCustomizer@62a5550f, org.springframework.boot.test.mock.mockito.MockitoContextCustomizer@0, org.springframework.boot.test.web.client.TestRestTemplateContextCustomizer@6a20d3cd], resourceBasePath = 'src/main/webapp', contextLoader = 'org.springframework.boot.test.context.SpringBootContextLoader', parent = [null]], attributes = map['org.springframework.test.context.web.ServletTestExecutionListener.activateListener' -> false]]].
16:33:05.882 [Test worker] DEBUG org.springframework.core.env.StandardEnvironment - Adding PropertySource 'systemProperties' with lowest search precedence
16:33:05.882 [Test worker] DEBUG org.springframework.core.env.StandardEnvironment - Adding PropertySource 'systemEnvironment' with lowest search precedence
16:33:05.883 [Test worker] DEBUG org.springframework.core.env.StandardEnvironment - Initialized StandardEnvironment with PropertySources [MapPropertySource@291329406 {name='systemProperties', properties={java.runtime.name=Java(TM) SE Runtime Environment, sun.boot.library.path=D:\jdk\Java8\jdk1.8.0_121\jre\bin, java.vm.version=25.121-b13, java.vm.vendor=Oracle Corporation, java.vendor.url=http://java.oracle.com/, path.separator=;, java.vm.name=Java HotSpot(TM) 64-Bit Server VM, file.encoding.pkg=sun.io, user.script=, sun.java.launcher=SUN_STANDARD, user.country=CN, sun.os.patch.level=, java.vm.specification.name=Java Virtual Machine Specification, user.dir=D:\project\financial\manager, java.runtime.version=1.8.0_121-b13, java.awt.graphicsenv=sun.awt.Win32GraphicsEnvironment, java.endorsed.dirs=D:\jdk\Java8\jdk1.8.0_121\jre\lib\endorsed, os.arch=amd64, java.io.tmpdir=C:\Users\XYong\AppData\Local\Temp\, line.separator=
, java.vm.specification.vendor=Oracle Corporation, user.variant=, os.name=Windows 10, sun.jnu.encoding=GBK, java.library.path=D:\jdk\Java8\jdk1.8.0_121\bin;C:\Windows\Sun\Java\bin;C:\Windows\system32;C:\Windows;D:\jdk\Java8\jdk1.8.0_121\bin;C:\Program Files (x86)\Common Files\Oracle\Java\javapath;C:\ProgramData\Oracle\Java\javapath;C:\Windows\system32;C:\Windows\System32\OpenSSH\;C:\Windows;C:\Windows\System32\Wbem;C:\Windows\System32\WindowsPowerShell\v1.0\;C:\Program Files\Intel\WiFi\bin\;C:\Program Files\Common Files\Intel\WirelessCommon\;C:\Program Files (x86)\NVIDIA Corporation\PhysX\Common;C:\Program Files\NVIDIA Corporation\NVIDIA NvDLISR;C:\Program Files (x86)\Intel\Intel(R) Management Engine Components\DAL;C:\Program Files\Intel\Intel(R) Management Engine Components\DAL;D:\software\gradle\gradle-4.4\bin;D:\mysql-5.7.22-winx64\bin;D:\apache-maven-3.5.0\bin;D:\tools\GIT\Git\cmd;C:\Users\XYong\AppData\Local\Microsoft\WindowsApps;;D:\anzhuangmulu\Docker Toolbox;., java.specification.name=Java Platform API Specification, java.class.version=52.0, org.gradle.native=false, sun.management.compiler=HotSpot 64-Bit Tiered Compilers, os.version=10.0, user.home=C:\Users\XYong, user.timezone=Asia/Shanghai, java.awt.printerjob=sun.awt.windows.WPrinterJob, file.encoding=GBK, java.specification.version=1.8, java.class.path=D:\project\financial\manager\build\classes\java\test;D:\project\financial\manager\build\resources\test;D:\project\financial\manager\build\classes\java\main;D:\project\financial\manager\build\resources\main;D:\project\financial\entity\build\libs\entity.jar;D:\project\financial\util\build\libs\util.jar;D:\project\financial\util\libs\jsonrpc4j-1.5.1.jar;D:\project\financial\swagger\build\libs\swagger.jar;D:\project\financial\api\build\libs\api.jar;C:\Users\XYong\.gradle\caches\modules-2\files-2.1\org.springframework.boot\spring-boot-starter-web\2.0.0.RELEASE\fcb2a9e18f98382e626935841f85ed44d7153615\spring-boot-starter-web-2.0.0.RELEASE.jar;C:\Users\XYong\.gradle\caches\modules-2\files-2.1\org.springframework.boot\spring-boot-starter-data-jpa\2.0.0.RELEASE\cc7bc2df046149870255d22367f8f7276eb82e98\spring-boot-starter-data-jpa-2.0.0.RELEASE.jar;C:\Users\XYong\.gradle\caches\modules-2\files-2.1\org.apache.commons\commons-lang3\3.5\6c6c702c89bfff3cd9e80b04d668c5e190d588c6\commons-lang3-3.5.jar;C:\Users\XYong\.gradle\caches\modules-2\files-2.1\com.h2database\h2\1.4.195\b25cc38f12b977694b8c85848e5bbecb2d88fd96\h2-1.4.195.jar;C:\Users\XYong\.gradle\caches\modules-2\files-2.1\org.springframework.boot\spring-boot-starter-activemq\2.0.0.RELEASE\3c3b852d6d325de5553902a320ffa731fdc07bd8\spring-boot-starter-activemq-2.0.0.RELEASE.jar;C:\Users\XYong\.gradle\caches\modules-2\files-2.1\mysql\mysql-connector-java\5.1.29\91798a4463050f61598122fe7fdc24aa196dfc0c\mysql-connector-java-5.1.29.jar;C:\Users\XYong\.gradle\caches\modules-2\files-2.1\org.springframework.boot\spring-boot-starter-test\2.0.0.RELEASE\4ff0e1d9bd315a4a5867e9c6128691cac8b37348\spring-boot-starter-test-2.0.0.RELEASE.jar;C:\Users\XYong\.gradle\caches\modules-2\files-2.1\org.springframework.boot\spring-boot-starter-json\2.0.0.RELEASE\5a09c939d8bd60d7f163c1c0c20a3127ba9fffa\spring-boot-starter-json-2.0.0.RELEASE.jar;C:\Users\XYong\.gradle\caches\modules-2\files-2.1\org.springframework.boot\spring-boot-starter-aop\2.0.0.RELEASE\9afd572ca8de272e6d919d914db5c73cd7d06ea2\spring-boot-starter-aop-2.0.0.RELEASE.jar;C:\Users\XYong\.gradle\caches\modules-2\files-2.1\org.springframework.boot\spring-boot-starter-jdbc\2.0.0.RELEASE\bfe586f729ed86a421a79ac1b18d4e05acd25d68\spring-boot-starter-jdbc-2.0.0.RELEASE.jar;C:\Users\XYong\.gradle\caches\modules-2\files-2.1\org.springframework.boot\spring-boot-starter\2.0.0.RELEASE\6d7d8e4bf053cd1833f3c7dbce676bc274f0892f\spring-boot-starter-2.0.0.RELEASE.jar;C:\Users\XYong\.gradle\caches\modules-2\files-2.1\org.springframework.boot\spring-boot-starter-tomcat\2.0.0.RELEASE\908bc9de1a7cfa857edf44182d426f6e0d8a3008\spring-boot-starter-tomcat-2.0.0.RELEASE.jar;C:\Users\XYong\.gradle\caches\modules-2\files-2.1\org.hibernate.validator\hibernate-validator\6.0.7.Final\8b9d9c7ec8c73963ea0fe81912fc67711a4ef76\hibernate-validator-6.0.7.Final.jar;C:\Users\XYong\.gradle\caches\modules-2\files-2.1\org.springframework\spring-webmvc\5.0.4.RELEASE\addcf1caa22613c474bd6dde8c7134fef940b1f0\spring-webmvc-5.0.4.RELEASE.jar;C:\Users\XYong\.gradle\caches\modules-2\files-2.1\org.springframework\spring-web\5.0.4.RELEASE\9565bbc67bf1a850a6505deaa5103931712a7b80\spring-web-5.0.4.RELEASE.jar;C:\Users\XYong\.gradle\caches\modules-2\files-2.1\org.hibernate\hibernate-core\5.2.14.Final\2132ad4a9fa5088156469ec85306afe574bb8c24\hibernate-core-5.2.14.Final.jar;C:\Users\XYong\.m2\repository\javax\transaction\javax.transaction-api\1.2\javax.transaction-api-1.2.jar;C:\Users\XYong\.gradle\caches\modules-2\files-2.1\org.springframework.data\spring-data-jpa\2.0.5.RELEASE\51b2e315174e32b4c8a4841a147002555add076c\spring-data-jpa-2.0.5.RELEASE.jar;C:\Users\XYong\.gradle\caches\modules-2\files-2.1\org.springframework\spring-aspects\5.0.4.RELEASE\454ee13fc4f439065572dd526e81c699d1d61e3e\spring-aspects-5.0.4.RELEASE.jar;C:\Users\XYong\.gradle\caches\modules-2\files-2.1\commons-codec\commons-codec\1.8\af3be3f74d25fc5163b54f56a0d394b462dafafd\commons-codec-1.8.jar;C:\Users\XYong\.gradle\caches\modules-2\files-2.1\org.springframework\spring-jms\5.0.4.RELEASE\da53c07028cbc5011540a21ef1391fb97c89b4c\spring-jms-5.0.4.RELEASE.jar;C:\Users\XYong\.gradle\caches\modules-2\files-2.1\org.apache.activemq\activemq-broker\5.15.3\1431d906e0a2cd8c27e10be6ed9f608ed995d3b4\activemq-broker-5.15.3.jar;C:\Users\XYong\.gradle\caches\modules-2\files-2.1\javax.jms\javax.jms-api\2.0.1\5faaa3864ff6025ce69809b60d65bda3e358610c\javax.jms-api-2.0.1.jar;C:\Users\XYong\.gradle\caches\modules-2\files-2.1\org.springframework.boot\spring-boot-test-autoconfigure\2.0.0.RELEASE\db0595321e96929d9473cf061f3408972d03c6aa\spring-boot-test-autoconfigure-2.0.0.RELEASE.jar;C:\Users\XYong\.gradle\caches\modules-2\files-2.1\org.springframework.boot\spring-boot-test\2.0.0.RELEASE\1565e78c2801bd3c7ece0a8ddc08e5ed53676878\spring-boot-test-2.0.0.RELEASE.jar;C:\Users\XYong\.gradle\caches\modules-2\files-2.1\com.jayway.jsonpath\json-path\2.4.0\765a4401ceb2dc8d40553c2075eb80a8fa35c2ae\json-path-2.4.0.jar;C:\Users\XYong\.m2\repository\junit\junit\4.12\junit-4.12.jar;C:\Users\XYong\.gradle\caches\modules-2\files-2.1\org.assertj\assertj-core\3.9.1\c5ce126b15f28d56cd8f960c1a6a058b9c9aea87\assertj-core-3.9.1.jar;C:\Users\XYong\.gradle\caches\modules-2\files-2.1\org.mockito\mockito-core\2.15.0\b84bfbbc29cd22c9529409627af6ea2897f4fa85\mockito-core-2.15.0.jar;C:\Users\XYong\.gradle\caches\modules-2\files-2.1\org.hamcrest\hamcrest-library\1.3\4785a3c21320980282f9f33d0d1264a69040538f\hamcrest-library-1.3.jar;C:\Users\XYong\.m2\repository\org\hamcrest\hamcrest-core\1.3\hamcrest-core-1.3.jar;C:\Users\XYong\.gradle\caches\modules-2\files-2.1\org.skyscreamer\jsonassert\1.5.0\6c9d5fe2f59da598d9aefc1cfc6528ff3cf32df3\jsonassert-1.5.0.jar;C:\Users\XYong\.gradle\caches\modules-2\files-2.1\org.springframework\spring-test\5.0.4.RELEASE\3fc10b6535a113593fa8780951465012a7677e21\spring-test-5.0.4.RELEASE.jar;C:\Users\XYong\.gradle\caches\modules-2\files-2.1\org.springframework.boot\spring-boot-autoconfigure\2.0.0.RELEASE\c89896a469ecf92996ecba40755919896ace5470\spring-boot-autoconfigure-2.0.0.RELEASE.jar;C:\Users\XYong\.gradle\caches\modules-2\files-2.1\org.springframework.boot\spring-boot\2.0.0.RELEASE\771da2071ff14a47f108642a641c204ae4ef7b15\spring-boot-2.0.0.RELEASE.jar;C:\Users\XYong\.gradle\caches\modules-2\files-2.1\org.springframework\spring-context\5.0.4.RELEASE\3e76d08c851113077642c5704f0f94d5ce58e905\spring-context-5.0.4.RELEASE.jar;C:\Users\XYong\.gradle\caches\modules-2\files-2.1\org.springframework\spring-aop\5.0.4.RELEASE\f8e029e54c0267dadb6b9f713f3feb54ec4f3a0e\spring-aop-5.0.4.RELEASE.jar;C:\Users\XYong\.gradle\caches\modules-2\files-2.1\org.springframework\spring-orm\5.0.4.RELEASE\dc83e08ecdb4ab28339f87358b53d75b4a8d1b9\spring-orm-5.0.4.RELEASE.jar;C:\Users\XYong\.gradle\caches\modules-2\files-2.1\org.springframework\spring-jdbc\5.0.4.RELEASE\6b5ac0db11d81d6319ebd0bb253b2f01713df3ab\spring-jdbc-5.0.4.RELEASE.jar;C:\Users\XYong\.gradle\caches\modules-2\files-2.1\org.springframework.data\spring-data-commons\2.0.5.RELEASE\f5357c650f63f3a187d3d4086a9e9132f33851a6\spring-data-commons-2.0.5.RELEASE.jar;C:\Users\XYong\.gradle\caches\modules-2\files-2.1\org.springframework\spring-tx\5.0.4.RELEASE\7afc193c5d2b812ee6d2ccaf6fcc81fb83bfb4a7\spring-tx-5.0.4.RELEASE.jar;C:\Users\XYong\.gradle\caches\modules-2\files-2.1\org.springframework\spring-messaging\5.0.4.RELEASE\21c0ee684684c50a6b13eaa894b2ceb3860dff12\spring-messaging-5.0.4.RELEASE.jar;C:\Users\XYong\.gradle\caches\modules-2\files-2.1\org.springframework\spring-beans\5.0.4.RELEASE\7a8c3d48d4c33621e64d1399721d8e067450fcbd\spring-beans-5.0.4.RELEASE.jar;C:\Users\XYong\.gradle\caches\modules-2\files-2.1\org.springframework\spring-expression\5.0.4.RELEASE\4bda161f2e34c1486f2527a23eb47293567f473c\spring-expression-5.0.4.RELEASE.jar;C:\Users\XYong\.gradle\caches\modules-2\files-2.1\org.springframework\spring-core\5.0.4.RELEASE\2221a957b5561a34f044350ba4e30ef5870254a3\spring-core-5.0.4.RELEASE.jar;C:\Users\XYong\.gradle\caches\modules-2\files-2.1\org.xmlunit\xmlunit-core\2.5.1\4ffdb346572a7356f7521cd3119ce5287d2e339d\xmlunit-core-2.5.1.jar;C:\Users\XYong\.gradle\caches\modules-2\files-2.1\org.springframework.boot\spring-boot-starter-logging\2.0.0.RELEASE\fe939b71659ef1f98a53cce0b5bcf771685cf6a6\spring-boot-starter-logging-2.0.0.RELEASE.jar;C:\Users\XYong\.gradle\caches\modules-2\files-2.1\javax.annotation\javax.annotation-api\1.3.2\934c04d3cfef185a8008e7bf34331b79730a9d43\javax.annotation-api-1.3.2.jar;C:\Users\XYong\.gradle\caches\modules-2\files-2.1\org.yaml\snakeyaml\1.19\2d998d3d674b172a588e54ab619854d073f555b5\snakeyaml-1.19.jar;C:\Users\XYong\.gradle\caches\modules-2\files-2.1\com.fasterxml.jackson.datatype\jackson-datatype-jdk8\2.9.4\63ac052d52a70a15820d3dc07ea757826fd51d40\jackson-datatype-jdk8-2.9.4.jar;C:\Users\XYong\.gradle\caches\modules-2\files-2.1\com.fasterxml.jackson.datatype\jackson-datatype-jsr310\2.9.4\12d52679a6615c7972ea25bd8ebb60b191fe79b7\jackson-datatype-jsr310-2.9.4.jar;C:\Users\XYong\.gradle\caches\modules-2\files-2.1\com.fasterxml.jackson.module\jackson-module-parameter-names\2.9.4\5833c819877c3e85bad847f4d2fa4e70379217c6\jackson-module-parameter-names-2.9.4.jar;C:\Users\XYong\.gradle\caches\modules-2\files-2.1\com.fasterxml.jackson.core\jackson-databind\2.9.4\498bbc3b94f566982c7f7c6d4d303fce365529be\jackson-databind-2.9.4.jar;C:\Users\XYong\.gradle\caches\modules-2\files-2.1\org.apache.tomcat.embed\tomcat-embed-websocket\8.5.28\8a5a48740dd80cad644ceb541e77fd8e0809e3b7\tomcat-embed-websocket-8.5.28.jar;C:\Users\XYong\.gradle\caches\modules-2\files-2.1\org.apache.tomcat.embed\tomcat-embed-core\8.5.28\b684c98cf77c6528079c4e59fc1feeb218bf82f1\tomcat-embed-core-8.5.28.jar;C:\Users\XYong\.gradle\caches\modules-2\files-2.1\org.apache.tomcat.embed\tomcat-embed-el\8.5.28\75745598f60646ccf0c4b105468a9c8be9b8432e\tomcat-embed-el-8.5.28.jar;C:\Users\XYong\.gradle\caches\modules-2\files-2.1\javax.validation\validation-api\2.0.1.Final\cb855558e6271b1b32e716d24cb85c7f583ce09e\validation-api-2.0.1.Final.jar;C:\Users\XYong\.gradle\caches\modules-2\files-2.1\org.hibernate.common\hibernate-commons-annotations\5.0.1.Final\71e1cff3fcb20d3b3af4f3363c3ddb24d33c6879\hibernate-commons-annotations-5.0.1.Final.jar;C:\Users\XYong\.gradle\caches\modules-2\files-2.1\org.jboss.logging\jboss-logging\3.3.1.Final\c46217ab74b532568c0ed31dc599db3048bd1b67\jboss-logging-3.3.1.Final.jar;C:\Users\XYong\.gradle\caches\modules-2\files-2.1\com.fasterxml\classmate\1.3.1\2ad2fd09dcf5607ca96f8ef432096a96986c40a\classmate-1.3.1.jar;C:\Users\XYong\.gradle\caches\modules-2\files-2.1\org.aspectj\aspectjweaver\1.8.13\ad94df2a28d658a40dc27bbaff6a1ce5fbf04e9b\aspectjweaver-1.8.13.jar;C:\Users\XYong\.gradle\caches\modules-2\files-2.1\com.zaxxer\HikariCP\2.7.8\4a3a604fa2efa89621aa498d04e000b2bed90c39\HikariCP-2.7.8.jar;C:\Users\XYong\.gradle\caches\modules-2\files-2.1\org.hibernate.javax.persistence\hibernate-jpa-2.1-api\1.0.0.Final\5e731d961297e5a07290bfaf3db1fbc8bbbf405a\hibernate-jpa-2.1-api-1.0.0.Final.jar;C:\Users\XYong\.gradle\caches\modules-2\files-2.1\org.javassist\javassist\3.22.0-GA\3e83394258ae2089be7219b971ec21a8288528ad\javassist-3.22.0-GA.jar;C:\Users\XYong\.gradle\caches\modules-2\files-2.1\antlr\antlr\2.7.7\83cd2cd674a217ade95a4bb83a8a14f351f48bd0\antlr-2.7.7.jar;C:\Users\XYong\.gradle\caches\modules-2\files-2.1\org.jboss\jandex\2.0.3.Final\bfc4d6257dbff7a33a357f0de116be6ff951d849\jandex-2.0.3.Final.jar;C:\Users\XYong\.m2\repository\dom4j\dom4j\1.6.1\dom4j-1.6.1.jar;C:\Users\XYong\.gradle\caches\modules-2\files-2.1\org.apache.activemq\activemq-openwire-legacy\5.15.3\547fb7db77ce03e03960830edfe62772d78d16ca\activemq-openwire-legacy-5.15.3.jar;C:\Users\XYong\.gradle\caches\modules-2\files-2.1\org.apache.activemq\activemq-client\5.15.3\fbdd28de46c05259bf935f6b8a19e9d7e09c68\activemq-client-5.15.3.jar;C:\Users\XYong\.gradle\caches\modules-2\files-2.1\ch.qos.logback\logback-classic\1.2.3\7c4f3c474fb2c041d8028740440937705ebb473a\logback-classic-1.2.3.jar;C:\Users\XYong\.gradle\caches\modules-2\files-2.1\org.apache.logging.log4j\log4j-to-slf4j\2.10.0\f7e631ccf49cfc0aefa4a2a728da7d374c05bd3c\log4j-to-slf4j-2.10.0.jar;C:\Users\XYong\.gradle\caches\modules-2\files-2.1\org.slf4j\jul-to-slf4j\1.7.25\af5364cd6679bfffb114f0dec8a157aaa283b76\jul-to-slf4j-1.7.25.jar;C:\Users\XYong\.gradle\caches\modules-2\files-2.1\org.slf4j\slf4j-api\1.7.25\da76ca59f6a57ee3102f8f9bd9cee742973efa8a\slf4j-api-1.7.25.jar;C:\Users\XYong\.gradle\caches\modules-2\files-2.1\com.google.guava\guava\18.0\cce0823396aa693798f8882e64213b1772032b09\guava-18.0.jar;C:\Users\XYong\.gradle\caches\modules-2\files-2.1\net.minidev\json-smart\2.3\7396407491352ce4fa30de92efb158adb76b5b\json-smart-2.3.jar;C:\Users\XYong\.gradle\caches\modules-2\files-2.1\net.bytebuddy\byte-buddy\1.7.9\51218a01a882c04d0aba8c028179cce488bbcb58\byte-buddy-1.7.9.jar;C:\Users\XYong\.gradle\caches\modules-2\files-2.1\net.bytebuddy\byte-buddy-agent\1.7.9\a6c65f9da7f467ee1f02ff2841ffd3155aee2fc9\byte-buddy-agent-1.7.9.jar;C:\Users\XYong\.gradle\caches\modules-2\files-2.1\org.objenesis\objenesis\2.6\639033469776fd37c08358c6b92a4761feb2af4b\objenesis-2.6.jar;C:\Users\XYong\.gradle\caches\modules-2\files-2.1\com.vaadin.external.google\android-json\0.0.20131108.vaadin1\fa26d351fe62a6a17f5cda1287c1c6110dec413f\android-json-0.0.20131108.vaadin1.jar;C:\Users\XYong\.gradle\caches\modules-2\files-2.1\org.springframework\spring-jcl\5.0.4.RELEASE\3053e2bad0a18571bdbb9596ce51f9d458f5934f\spring-jcl-5.0.4.RELEASE.jar;C:\Users\XYong\.gradle\caches\modules-2\files-2.1\com.fasterxml.jackson.core\jackson-core\2.9.4\a9a71ec1aa37da47db168fede9a4a5fb5e374320\jackson-core-2.9.4.jar;C:\Users\XYong\.gradle\caches\modules-2\files-2.1\com.fasterxml.jackson.core\jackson-annotations\2.9.0\7c10d545325e3a6e72e06381afe469fd40eb701\jackson-annotations-2.9.0.jar;C:\Users\XYong\.gradle\caches\modules-2\files-2.1\org.fusesource.hawtbuf\hawtbuf\1.11\8f0e50ad8bea37b84b698ec40cce09e47714a63e\hawtbuf-1.11.jar;C:\Users\XYong\.gradle\caches\modules-2\files-2.1\org.apache.geronimo.specs\geronimo-j2ee-management_1.1_spec\1.0.1\5372615b0c04c1913c95c34a0414cef720ca2855\geronimo-j2ee-management_1.1_spec-1.0.1.jar;C:\Users\XYong\.gradle\caches\modules-2\files-2.1\net.minidev\accessors-smart\1.2\c592b500269bfde36096641b01238a8350f8aa31\accessors-smart-1.2.jar;C:\Users\XYong\.gradle\caches\modules-2\files-2.1\ch.qos.logback\logback-core\1.2.3\864344400c3d4d92dfeb0a305dc87d953677c03c\logback-core-1.2.3.jar;C:\Users\XYong\.gradle\caches\modules-2\files-2.1\org.apache.logging.log4j\log4j-api\2.10.0\fec5797a55b786184a537abd39c3fa1449d752d6\log4j-api-2.10.0.jar;C:\Users\XYong\.gradle\caches\modules-2\files-2.1\org.apache.tomcat\tomcat-annotations-api\8.5.28\25dd92ba2548e684687f9024e2848ea98ab63f3a\tomcat-annotations-api-8.5.28.jar;C:\Users\XYong\.gradle\caches\modules-2\files-2.1\org.ow2.asm\asm\5.0.4\da08b8cce7bbf903602a25a3a163ae252435795\asm-5.0.4.jar, user.name=XYong, java.vm.specification.version=1.8, sun.java.command=worker.org.gradle.process.internal.worker.GradleWorkerMain 'Gradle Test Executor 2', java.home=D:\jdk\Java8\jdk1.8.0_121\jre, sun.arch.data.model=64, user.language=zh, java.specification.vendor=Oracle Corporation, awt.toolkit=sun.awt.windows.WToolkit, java.vm.info=mixed mode, java.version=1.8.0_121, java.ext.dirs=D:\jdk\Java8\jdk1.8.0_121\jre\lib\ext;C:\Windows\Sun\Java\lib\ext, sun.boot.class.path=D:\jdk\Java8\jdk1.8.0_121\jre\lib\resources.jar;D:\jdk\Java8\jdk1.8.0_121\jre\lib\rt.jar;D:\jdk\Java8\jdk1.8.0_121\jre\lib\sunrsasign.jar;D:\jdk\Java8\jdk1.8.0_121\jre\lib\jsse.jar;D:\jdk\Java8\jdk1.8.0_121\jre\lib\jce.jar;D:\jdk\Java8\jdk1.8.0_121\jre\lib\charsets.jar;D:\jdk\Java8\jdk1.8.0_121\jre\lib\jfr.jar;D:\jdk\Java8\jdk1.8.0_121\jre\classes, java.vendor=Oracle Corporation, org.gradle.test.worker=2, file.separator=\, java.vendor.url.bug=http://bugreport.sun.com/bugreport/, sun.io.unicode.encoding=UnicodeLittle, sun.cpu.endian=little, sun.desktop=windows, sun.cpu.isalist=amd64}}, SystemEnvironmentPropertySource@1537657987 {name='systemEnvironment', properties={USERDOMAIN_ROAMINGPROFILE=LAPTOP-N222OIRL, LOCALAPPDATA=C:\Users\XYong\AppData\Local, PROCESSOR_LEVEL=6, USERDOMAIN=LAPTOP-N222OIRL, FPS_BROWSER_APP_PROFILE_STRING=Internet Explorer, LOGONSERVER=\\LAPTOP-N222OIRL, JAVA_HOME=D:\jdk\Java8\jdk1.8.0_121, SESSIONNAME=Console, ALLUSERSPROFILE=C:\ProgramData, PROCESSOR_ARCHITECTURE=AMD64, GRADLE_HOME=D:\software\gradle\gradle-4.4, PSModulePath=C:\Program Files\WindowsPowerShell\Modules;C:\Windows\system32\WindowsPowerShell\v1.0\Modules, SystemDrive=C:, ERLANG_HOME=D:\software\otp\erl10.2, APPDATA=C:\Users\XYong\AppData\Roaming, USERNAME=XYong, ProgramFiles(x86)=C:\Program Files (x86), CommonProgramFiles=C:\Program Files\Common Files, Path=D:\jdk\Java8\jdk1.8.0_121\bin;C:\Program Files (x86)\Common Files\Oracle\Java\javapath;C:\ProgramData\Oracle\Java\javapath;C:\Windows\system32;C:\Windows\System32\OpenSSH\;C:\Windows;C:\Windows\System32\Wbem;C:\Windows\System32\WindowsPowerShell\v1.0\;C:\Program Files\Intel\WiFi\bin\;C:\Program Files\Common Files\Intel\WirelessCommon\;C:\Program Files (x86)\NVIDIA Corporation\PhysX\Common;C:\Program Files\NVIDIA Corporation\NVIDIA NvDLISR;C:\Program Files (x86)\Intel\Intel(R) Management Engine Components\DAL;C:\Program Files\Intel\Intel(R) Management Engine Components\DAL;D:\software\gradle\gradle-4.4\bin;D:\mysql-5.7.22-winx64\bin;D:\apache-maven-3.5.0\bin;D:\tools\GIT\Git\cmd;C:\Users\XYong\AppData\Local\Microsoft\WindowsApps;;D:\anzhuangmulu\Docker Toolbox, FPS_BROWSER_USER_PROFILE_STRING=Default, PATHEXT=.COM;.EXE;.BAT;.CMD;.VBS;.VBE;.JS;.JSE;.WSF;.WSH;.MSC, DriverData=C:\Windows\System32\Drivers\DriverData, OS=Windows_NT, COMPUTERNAME=LAPTOP-N222OIRL, PROCESSOR_REVISION=8e0a, CommonProgramW6432=C:\Program Files\Common Files, ComSpec=C:\Windows\system32\cmd.exe, ProgramData=C:\ProgramData, ProgramW6432=C:\Program Files, HOMEPATH=\Users\XYong, SystemRoot=C:\Windows, TEMP=C:\Users\XYong\AppData\Local\Temp, HOMEDRIVE=C:, PROCESSOR_IDENTIFIER=Intel64 Family 6 Model 142 Stepping 10, GenuineIntel, USERPROFILE=C:\Users\XYong, TMP=C:\Users\XYong\AppData\Local\Temp, CommonProgramFiles(x86)=C:\Program Files (x86)\Common Files, ProgramFiles=C:\Program Files, PUBLIC=C:\Users\Public, NUMBER_OF_PROCESSORS=8, windir=C:\Windows, =::=::\, DOCKER_TOOLBOX_INSTALL_PATH=D:\anzhuangmulu\Docker Toolbox}}]
16:33:05.892 [Test worker] DEBUG org.springframework.test.context.support.TestPropertySourceUtils - Adding inlined properties to environment: {spring.jmx.enabled=false, org.springframework.boot.test.context.SpringBootTestContextBootstrapper=true, server.port=0}
16:33:05.892 [Test worker] DEBUG org.springframework.core.env.StandardEnvironment - Adding PropertySource 'Inlined Test Properties' with highest search precedence

  .   ____          _            __ _ _
 /\\ / ___'_ __ _ _(_)_ __  __ _ \ \ \ \
( ( )\___ | '_ | '_| | '_ \/ _` | \ \ \ \
 \\/  ___)| |_)| | | | | || (_| |  ) ) ) )
  '  |____| .__|_| |_|_| |_\__, | / / / /
 =========|_|==============|___/=/_/_/_/
 :: Spring Boot ::        (v2.0.0.RELEASE)

2019-11-05 16:33:06.627  INFO 19700 --- [    Test worker] c.i.m.controller.ProductControllerTest   : Starting ProductControllerTest on LAPTOP-N222OIRL with PID 19700 (started by XYong in D:\project\financial\manager)
2019-11-05 16:33:06.630  INFO 19700 --- [    Test worker] c.i.m.controller.ProductControllerTest   : No active profile set, falling back to default profiles: default
2019-11-05 16:33:06.682  INFO 19700 --- [    Test worker] ConfigServletWebServerApplicationContext : Refreshing org.springframework.boot.web.servlet.context.AnnotationConfigServletWebServerApplicationContext@3ce77fa3: startup date [Tue Nov 05 16:33:06 CST 2019]; root of context hierarchy
2019-11-05 16:33:08.948  INFO 19700 --- [    Test worker] trationDelegate$BeanPostProcessorChecker : Bean 'org.springframework.transaction.annotation.ProxyTransactionManagementConfiguration' of type [org.springframework.transaction.annotation.ProxyTransactionManagementConfiguration$$EnhancerBySpringCGLIB$$70563287] is not eligible for getting processed by all BeanPostProcessors (for example: not eligible for auto-proxying)
2019-11-05 16:33:09.698  INFO 19700 --- [    Test worker] o.s.b.w.embedded.tomcat.TomcatWebServer  : Tomcat initialized with port(s): 0 (http)
2019-11-05 16:33:09.751  INFO 19700 --- [    Test worker] o.apache.catalina.core.StandardService   : Starting service [Tomcat]
2019-11-05 16:33:09.752  INFO 19700 --- [    Test worker] org.apache.catalina.core.StandardEngine  : Starting Servlet Engine: Apache Tomcat/8.5.28
2019-11-05 16:33:09.773  INFO 19700 --- [ost-startStop-1] o.a.catalina.core.AprLifecycleListener   : The APR based Apache Tomcat Native library which allows optimal performance in production environments was not found on the java.library.path: [D:\jdk\Java8\jdk1.8.0_121\bin;C:\Windows\Sun\Java\bin;C:\Windows\system32;C:\Windows;D:\jdk\Java8\jdk1.8.0_121\bin;C:\Program Files (x86)\Common Files\Oracle\Java\javapath;C:\ProgramData\Oracle\Java\javapath;C:\Windows\system32;C:\Windows\System32\OpenSSH\;C:\Windows;C:\Windows\System32\Wbem;C:\Windows\System32\WindowsPowerShell\v1.0\;C:\Program Files\Intel\WiFi\bin\;C:\Program Files\Common Files\Intel\WirelessCommon\;C:\Program Files (x86)\NVIDIA Corporation\PhysX\Common;C:\Program Files\NVIDIA Corporation\NVIDIA NvDLISR;C:\Program Files (x86)\Intel\Intel(R) Management Engine Components\DAL;C:\Program Files\Intel\Intel(R) Management Engine Components\DAL;D:\software\gradle\gradle-4.4\bin;D:\mysql-5.7.22-winx64\bin;D:\apache-maven-3.5.0\bin;D:\tools\GIT\Git\cmd;C:\Users\XYong\AppData\Local\Microsoft\WindowsApps;;D:\anzhuangmulu\Docker Toolbox;.]
2019-11-05 16:33:10.055  INFO 19700 --- [ost-startStop-1] o.a.c.c.C.[.[localhost].[/manager]       : Initializing Spring embedded WebApplicationContext
2019-11-05 16:33:10.056  INFO 19700 --- [ost-startStop-1] o.s.web.context.ContextLoader            : Root WebApplicationContext: initialization completed in 3378 ms
2019-11-05 16:33:10.394  INFO 19700 --- [ost-startStop-1] o.s.b.w.servlet.ServletRegistrationBean  : Servlet dispatcherServlet mapped to [/]
2019-11-05 16:33:10.411  INFO 19700 --- [ost-startStop-1] o.s.b.w.servlet.FilterRegistrationBean   : Mapping filter: 'characterEncodingFilter' to: [/*]
2019-11-05 16:33:10.412  INFO 19700 --- [ost-startStop-1] o.s.b.w.servlet.FilterRegistrationBean   : Mapping filter: 'hiddenHttpMethodFilter' to: [/*]
2019-11-05 16:33:10.412  INFO 19700 --- [ost-startStop-1] o.s.b.w.servlet.FilterRegistrationBean   : Mapping filter: 'httpPutFormContentFilter' to: [/*]
2019-11-05 16:33:10.413  INFO 19700 --- [ost-startStop-1] o.s.b.w.servlet.FilterRegistrationBean   : Mapping filter: 'requestContextFilter' to: [/*]
2019-11-05 16:33:10.792  INFO 19700 --- [    Test worker] com.zaxxer.hikari.HikariDataSource       : HikariPool-1 - Starting...
2019-11-05 16:33:11.308  INFO 19700 --- [    Test worker] com.zaxxer.hikari.HikariDataSource       : HikariPool-1 - Start completed.
2019-11-05 16:33:11.471  INFO 19700 --- [    Test worker] j.LocalContainerEntityManagerFactoryBean : Building JPA container EntityManagerFactory for persistence unit 'default'
2019-11-05 16:33:11.536  INFO 19700 --- [    Test worker] o.hibernate.jpa.internal.util.LogHelper  : HHH000204: Processing PersistenceUnitInfo [
	name: default
	...]
2019-11-05 16:33:11.715  INFO 19700 --- [    Test worker] org.hibernate.Version                    : HHH000412: Hibernate Core {5.2.14.Final}
2019-11-05 16:33:11.718  INFO 19700 --- [    Test worker] org.hibernate.cfg.Environment            : HHH000206: hibernate.properties not found
2019-11-05 16:33:11.797  INFO 19700 --- [    Test worker] o.hibernate.annotations.common.Version   : HCANN000001: Hibernate Commons Annotations {5.0.1.Final}
2019-11-05 16:33:12.028  INFO 19700 --- [    Test worker] org.hibernate.dialect.Dialect            : HHH000400: Using dialect: org.hibernate.dialect.MySQL5Dialect
2019-11-05 16:33:12.927  INFO 19700 --- [    Test worker] j.LocalContainerEntityManagerFactoryBean : Initialized JPA EntityManagerFactory for persistence unit 'default'
2019-11-05 16:33:14.553  INFO 19700 --- [    Test worker] s.w.s.m.m.a.RequestMappingHandlerAdapter : Looking for @ControllerAdvice: org.springframework.boot.web.servlet.context.AnnotationConfigServletWebServerApplicationContext@3ce77fa3: startup date [Tue Nov 05 16:33:06 CST 2019]; root of context hierarchy
2019-11-05 16:33:14.664  WARN 19700 --- [    Test worker] aWebConfiguration$JpaWebMvcConfiguration : spring.jpa.open-in-view is enabled by default. Therefore, database queries may be performed during view rendering. Explicitly configure spring.jpa.open-in-view to disable this warning
2019-11-05 16:33:14.748  INFO 19700 --- [    Test worker] s.w.s.m.m.a.RequestMappingHandlerMapping : Mapped "{[/products],methods=[GET]}" onto public org.springframework.data.domain.Page<com.imooc.entity.Product> com.imooc.manager.controller.ProductController.query(java.lang.String,java.math.BigDecimal,java.math.BigDecimal,java.lang.String,int,int)
2019-11-05 16:33:14.750  INFO 19700 --- [    Test worker] s.w.s.m.m.a.RequestMappingHandlerMapping : Mapped "{[/products/{id}],methods=[GET]}" onto public com.imooc.entity.Product com.imooc.manager.controller.ProductController.findOne(java.lang.String)
2019-11-05 16:33:14.751  INFO 19700 --- [    Test worker] s.w.s.m.m.a.RequestMappingHandlerMapping : Mapped "{[/products],methods=[POST]}" onto public com.imooc.entity.Product com.imooc.manager.controller.ProductController.addProduct(com.imooc.entity.Product)
2019-11-05 16:33:14.754  INFO 19700 --- [    Test worker] s.w.s.m.m.a.RequestMappingHandlerMapping : Mapped "{[/error]}" onto public org.springframework.http.ResponseEntity<java.util.Map<java.lang.String, java.lang.Object>> org.springframework.boot.autoconfigure.web.servlet.error.BasicErrorController.error(javax.servlet.http.HttpServletRequest)
2019-11-05 16:33:14.756  INFO 19700 --- [    Test worker] s.w.s.m.m.a.RequestMappingHandlerMapping : Mapped "{[/error],produces=[text/html]}" onto public org.springframework.web.servlet.ModelAndView org.springframework.boot.autoconfigure.web.servlet.error.BasicErrorController.errorHtml(javax.servlet.http.HttpServletRequest,javax.servlet.http.HttpServletResponse)
2019-11-05 16:33:14.925  INFO 19700 --- [    Test worker] o.s.w.s.handler.SimpleUrlHandlerMapping  : Mapped URL path [/webjars/**] onto handler of type [class org.springframework.web.servlet.resource.ResourceHttpRequestHandler]
2019-11-05 16:33:14.925  INFO 19700 --- [    Test worker] o.s.w.s.handler.SimpleUrlHandlerMapping  : Mapped URL path [/**] onto handler of type [class org.springframework.web.servlet.resource.ResourceHttpRequestHandler]
2019-11-05 16:33:14.961  INFO 19700 --- [    Test worker] .m.m.a.ExceptionHandlerExceptionResolver : Detected @ExceptionHandler methods in errorControllerAdvice
2019-11-05 16:33:15.029  INFO 19700 --- [    Test worker] o.s.w.s.handler.SimpleUrlHandlerMapping  : Mapped URL path [/**/favicon.ico] onto handler of type [class org.springframework.web.servlet.resource.ResourceHttpRequestHandler]
2019-11-05 16:33:15.184  INFO 19700 --- [    Test worker] o.s.b.a.w.s.WelcomePageHandlerMapping    : Adding welcome page: class path resource [static/index.html]
2019-11-05 16:33:16.041  INFO 19700 --- [    Test worker] o.s.c.support.DefaultLifecycleProcessor  : Starting beans in phase 2147483647
2019-11-05 16:33:16.088  INFO 19700 --- [    Test worker] o.s.b.w.embedded.tomcat.TomcatWebServer  : Tomcat started on port(s): 56391 (http) with context path '/manager'
2019-11-05 16:33:16.092  INFO 19700 --- [    Test worker] c.i.m.controller.ProductControllerTest   : Started ProductControllerTest in 10.194 seconds (JVM running for 13.28)
2019-11-05 16:33:16.417  INFO 19700 --- [    Test worker] com.imooc.util.RestUtil                  : rest-post-json-请求参数:<{"id":null,"name":"编号不可为空","status":"AUDITING","thresholdAmount":10,"stepAmount":1,"lockTerm":null,"rewardRate":2.34,"memo":null,"createAt":null,"updateAt":null,"createUser":null,"updateUser":null},{Content-Type=[application/json;charset=UTF-8], Accept=[application/json]}>
2019-11-05 16:33:16.621  INFO 19700 --- [o-auto-1-exec-1] o.a.c.c.C.[.[localhost].[/manager]       : Initializing Spring FrameworkServlet 'dispatcherServlet'
2019-11-05 16:33:16.621  INFO 19700 --- [o-auto-1-exec-1] o.s.web.servlet.DispatcherServlet        : FrameworkServlet 'dispatcherServlet': initialization started
2019-11-05 16:33:16.678  INFO 19700 --- [o-auto-1-exec-1] o.s.web.servlet.DispatcherServlet        : FrameworkServlet 'dispatcherServlet': initialization completed in 57 ms
2019-11-05 16:33:17.169  INFO 19700 --- [o-auto-1-exec-1] c.i.m.controller.ProductController       : 创建产品,参数:com.imooc.entity.Product@411fb9fc[id=<null>,name=编号不可为空,status=AUDITING,thresholdAmount=10,stepAmount=1,lockTerm=<null>,rewardRate=2.34,memo=<null>,createAt=<null>,updateAt=<null>,createUser=<null>,updateUser=<null>]
---------------
==============
2019-11-05 16:33:17.278  INFO 19700 --- [    Test worker] com.imooc.util.RestUtil                  : rest-post-json 响应信息:{"canRetry":false,"code":"F001","message":"编号不可为空","type":"advice"}
2019-11-05 16:33:17.279  INFO 19700 --- [    Test worker] com.imooc.util.RestUtil                  : rest-post-json-请求参数:<{"id":"E002","name":"收益率范围错误","status":"AUDITING","thresholdAmount":0,"stepAmount":1,"lockTerm":null,"rewardRate":31,"memo":null,"createAt":null,"updateAt":null,"createUser":null,"updateUser":null},{Content-Type=[application/json;charset=UTF-8], Accept=[application/json]}>
2019-11-05 16:33:17.287  INFO 19700 --- [o-auto-1-exec-2] c.i.m.controller.ProductController       : 创建产品,参数:com.imooc.entity.Product@44377b29[id=E002,name=收益率范围错误,status=AUDITING,thresholdAmount=0,stepAmount=1,lockTerm=<null>,rewardRate=31,memo=<null>,createAt=<null>,updateAt=<null>,createUser=<null>,updateUser=<null>]
---------------
==============
2019-11-05 16:33:17.294  INFO 19700 --- [    Test worker] com.imooc.util.RestUtil                  : rest-post-json 响应信息:{"canRetry":false,"code":"999","message":"未知异常","type":"advice"}
2019-11-05 16:33:17.312  INFO 19700 --- [    Test worker] com.imooc.util.RestUtil                  : rest-post-json-请求参数:<{"id":"T001","name":"灵活宝1号","status":"AUDITING","thresholdAmount":10,"stepAmount":1,"lockTerm":null,"rewardRate":3.42,"memo":null,"createAt":null,"updateAt":null,"createUser":null,"updateUser":null},{Content-Type=[application/json;charset=UTF-8], Accept=[application/json]}>
2019-11-05 16:33:17.329  INFO 19700 --- [o-auto-1-exec-3] c.i.m.controller.ProductController       : 创建产品,参数:com.imooc.entity.Product@2c640e0c[id=T001,name=灵活宝1号,status=AUDITING,thresholdAmount=10,stepAmount=1,lockTerm=<null>,rewardRate=3.42,memo=<null>,createAt=<null>,updateAt=<null>,createUser=<null>,updateUser=<null>]
---------------
==============
Hibernate: select product0_.id as id1_1_0_, product0_.create_at as create_a2_1_0_, product0_.create_user as create_u3_1_0_, product0_.lock_term as lock_ter4_1_0_, product0_.memo as memo5_1_0_, product0_.name as name6_1_0_, product0_.reward_rate as reward_r7_1_0_, product0_.status as status8_1_0_, product0_.step_amount as step_amo9_1_0_, product0_.threshold_amount as thresho10_1_0_, product0_.update_at as update_11_1_0_, product0_.update_user as update_12_1_0_ from product product0_ where product0_.id=?
Hibernate: update product set create_at=?, create_user=?, lock_term=?, memo=?, name=?, reward_rate=?, status=?, step_amount=?, threshold_amount=?, update_at=?, update_user=? where id=?
2019-11-05 16:33:17.610  INFO 19700 --- [o-auto-1-exec-3] c.i.m.controller.ProductController       : 创建产品,结果:com.imooc.entity.Product@feef88d[id=T001,name=灵活宝1号,status=AUDITING,thresholdAmount=10,stepAmount=1,lockTerm=0,rewardRate=3.42,memo=<null>,createAt=Tue Nov 05 16:33:17 CST 2019,updateAt=Tue Nov 05 16:33:17 CST 2019,createUser=<null>,updateUser=<null>]
2019-11-05 16:33:17.644  INFO 19700 --- [    Test worker] com.imooc.util.RestUtil                  : rest-post-json 响应信息:{"id":"T001","name":"灵活宝1号","status":"AUDITING","thresholdAmount":10,"stepAmount":1,"lockTerm":0,"rewardRate":3.42,"memo":null,"createAt":1572942797330,"updateAt":1572942797330,"createUser":null,"updateUser":null}
2019-11-05 16:33:17.645  INFO 19700 --- [    Test worker] com.imooc.util.RestUtil                  : rest-post-json-请求参数:<{"id":"T002","name":"活期盈-金色人生","status":"AUDITING","thresholdAmount":10,"stepAmount":0,"lockTerm":null,"rewardRate":3.28,"memo":null,"createAt":null,"updateAt":null,"createUser":null,"updateUser":null},{Content-Type=[application/json;charset=UTF-8], Accept=[application/json]}>
2019-11-05 16:33:17.653  INFO 19700 --- [o-auto-1-exec-4] c.i.m.controller.ProductController       : 创建产品,参数:com.imooc.entity.Product@168891a9[id=T002,name=活期盈-金色人生,status=AUDITING,thresholdAmount=10,stepAmount=0,lockTerm=<null>,rewardRate=3.28,memo=<null>,createAt=<null>,updateAt=<null>,createUser=<null>,updateUser=<null>]
---------------
==============
Hibernate: select product0_.id as id1_1_0_, product0_.create_at as create_a2_1_0_, product0_.create_user as create_u3_1_0_, product0_.lock_term as lock_ter4_1_0_, product0_.memo as memo5_1_0_, product0_.name as name6_1_0_, product0_.reward_rate as reward_r7_1_0_, product0_.status as status8_1_0_, product0_.step_amount as step_amo9_1_0_, product0_.threshold_amount as thresho10_1_0_, product0_.update_at as update_11_1_0_, product0_.update_user as update_12_1_0_ from product product0_ where product0_.id=?
Hibernate: update product set create_at=?, create_user=?, lock_term=?, memo=?, name=?, reward_rate=?, status=?, step_amount=?, threshold_amount=?, update_at=?, update_user=? where id=?
2019-11-05 16:33:17.663  INFO 19700 --- [o-auto-1-exec-4] c.i.m.controller.ProductController       : 创建产品,结果:com.imooc.entity.Product@ba5a06d[id=T002,name=活期盈-金色人生,status=AUDITING,thresholdAmount=10,stepAmount=0,lockTerm=0,rewardRate=3.28,memo=<null>,createAt=Tue Nov 05 16:33:17 CST 2019,updateAt=Tue Nov 05 16:33:17 CST 2019,createUser=<null>,updateUser=<null>]
2019-11-05 16:33:17.666  INFO 19700 --- [    Test worker] com.imooc.util.RestUtil                  : rest-post-json 响应信息:{"id":"T002","name":"活期盈-金色人生","status":"AUDITING","thresholdAmount":10,"stepAmount":0,"lockTerm":0,"rewardRate":3.28,"memo":null,"createAt":1572942797653,"updateAt":1572942797653,"createUser":null,"updateUser":null}
2019-11-05 16:33:17.667  INFO 19700 --- [    Test worker] com.imooc.util.RestUtil                  : rest-post-json-请求参数:<{"id":"T003","name":"朝朝盈-聚财","status":"AUDITING","thresholdAmount":100,"stepAmount":10,"lockTerm":null,"rewardRate":3.86,"memo":null,"createAt":null,"updateAt":null,"createUser":null,"updateUser":null},{Content-Type=[application/json;charset=UTF-8], Accept=[application/json]}>
2019-11-05 16:33:17.676  INFO 19700 --- [o-auto-1-exec-5] c.i.m.controller.ProductController       : 创建产品,参数:com.imooc.entity.Product@55f394f3[id=T003,name=朝朝盈-聚财,status=AUDITING,thresholdAmount=100,stepAmount=10,lockTerm=<null>,rewardRate=3.86,memo=<null>,createAt=<null>,updateAt=<null>,createUser=<null>,updateUser=<null>]
---------------
==============
Hibernate: select product0_.id as id1_1_0_, product0_.create_at as create_a2_1_0_, product0_.create_user as create_u3_1_0_, product0_.lock_term as lock_ter4_1_0_, product0_.memo as memo5_1_0_, product0_.name as name6_1_0_, product0_.reward_rate as reward_r7_1_0_, product0_.status as status8_1_0_, product0_.step_amount as step_amo9_1_0_, product0_.threshold_amount as thresho10_1_0_, product0_.update_at as update_11_1_0_, product0_.update_user as update_12_1_0_ from product product0_ where product0_.id=?
Hibernate: update product set create_at=?, create_user=?, lock_term=?, memo=?, name=?, reward_rate=?, status=?, step_amount=?, threshold_amount=?, update_at=?, update_user=? where id=?
2019-11-05 16:33:17.686  INFO 19700 --- [o-auto-1-exec-5] c.i.m.controller.ProductController       : 创建产品,结果:com.imooc.entity.Product@539421b8[id=T003,name=朝朝盈-聚财,status=AUDITING,thresholdAmount=100,stepAmount=10,lockTerm=0,rewardRate=3.86,memo=<null>,createAt=Tue Nov 05 16:33:17 CST 2019,updateAt=Tue Nov 05 16:33:17 CST 2019,createUser=<null>,updateUser=<null>]
2019-11-05 16:33:17.689  INFO 19700 --- [    Test worker] com.imooc.util.RestUtil                  : rest-post-json 响应信息:{"id":"T003","name":"朝朝盈-聚财","status":"AUDITING","thresholdAmount":100,"stepAmount":10,"lockTerm":0,"rewardRate":3.86,"memo":null,"createAt":1572942797677,"updateAt":1572942797677,"createUser":null,"updateUser":null}
2019-11-05 16:33:17.713  INFO 19700 --- [o-auto-1-exec-6] c.i.m.controller.ProductController       : 查询单个产品,id=T001
Hibernate: select product0_.id as id1_1_0_, product0_.create_at as create_a2_1_0_, product0_.create_user as create_u3_1_0_, product0_.lock_term as lock_ter4_1_0_, product0_.memo as memo5_1_0_, product0_.name as name6_1_0_, product0_.reward_rate as reward_r7_1_0_, product0_.status as status8_1_0_, product0_.step_amount as step_amo9_1_0_, product0_.threshold_amount as thresho10_1_0_, product0_.update_at as update_11_1_0_, product0_.update_user as update_12_1_0_ from product product0_ where product0_.id=?
2019-11-05 16:33:17.737  INFO 19700 --- [o-auto-1-exec-6] c.i.m.controller.ProductController       : 查询单个产品,结果=com.imooc.entity.Product@2855563d[id=T001,name=灵活宝1号,status=AUDITING,thresholdAmount=10.000,stepAmount=1.000,lockTerm=0,rewardRate=3.420,memo=<null>,createAt=2019-11-05 16:33:17.0,updateAt=2019-11-05 16:33:17.0,createUser=<null>,updateUser=<null>]
2019-11-05 16:33:17.747  INFO 19700 --- [o-auto-1-exec-7] c.i.m.controller.ProductController       : 查询单个产品,id=T002
Hibernate: select product0_.id as id1_1_0_, product0_.create_at as create_a2_1_0_, product0_.create_user as create_u3_1_0_, product0_.lock_term as lock_ter4_1_0_, product0_.memo as memo5_1_0_, product0_.name as name6_1_0_, product0_.reward_rate as reward_r7_1_0_, product0_.status as status8_1_0_, product0_.step_amount as step_amo9_1_0_, product0_.threshold_amount as thresho10_1_0_, product0_.update_at as update_11_1_0_, product0_.update_user as update_12_1_0_ from product product0_ where product0_.id=?
2019-11-05 16:33:17.755  INFO 19700 --- [o-auto-1-exec-7] c.i.m.controller.ProductController       : 查询单个产品,结果=com.imooc.entity.Product@3774b29a[id=T002,name=活期盈-金色人生,status=AUDITING,thresholdAmount=10.000,stepAmount=0.000,lockTerm=0,rewardRate=3.280,memo=<null>,createAt=2019-11-05 16:33:18.0,updateAt=2019-11-05 16:33:18.0,createUser=<null>,updateUser=<null>]
2019-11-05 16:33:17.766  INFO 19700 --- [o-auto-1-exec-8] c.i.m.controller.ProductController       : 查询单个产品,id=T003
Hibernate: select product0_.id as id1_1_0_, product0_.create_at as create_a2_1_0_, product0_.create_user as create_u3_1_0_, product0_.lock_term as lock_ter4_1_0_, product0_.memo as memo5_1_0_, product0_.name as name6_1_0_, product0_.reward_rate as reward_r7_1_0_, product0_.status as status8_1_0_, product0_.step_amount as step_amo9_1_0_, product0_.threshold_amount as thresho10_1_0_, product0_.update_at as update_11_1_0_, product0_.update_user as update_12_1_0_ from product product0_ where product0_.id=?
2019-11-05 16:33:17.776  INFO 19700 --- [o-auto-1-exec-8] c.i.m.controller.ProductController       : 查询单个产品,结果=com.imooc.entity.Product@4459f172[id=T003,name=朝朝盈-聚财,status=AUDITING,thresholdAmount=100.000,stepAmount=10.000,lockTerm=0,rewardRate=3.860,memo=<null>,createAt=2019-11-05 16:33:18.0,updateAt=2019-11-05 16:33:18.0,createUser=<null>,updateUser=<null>]
2019-11-05 16:33:17.789  INFO 19700 --- [o-auto-1-exec-9] c.i.m.controller.ProductController       : 查询单个产品,id=null
Hibernate: select product0_.id as id1_1_0_, product0_.create_at as create_a2_1_0_, product0_.create_user as create_u3_1_0_, product0_.lock_term as lock_ter4_1_0_, product0_.memo as memo5_1_0_, product0_.name as name6_1_0_, product0_.reward_rate as reward_r7_1_0_, product0_.status as status8_1_0_, product0_.step_amount as step_amo9_1_0_, product0_.threshold_amount as thresho10_1_0_, product0_.update_at as update_11_1_0_, product0_.update_user as update_12_1_0_ from product product0_ where product0_.id=?
2019-11-05 16:33:17.795  INFO 19700 --- [o-auto-1-exec-9] c.i.m.controller.ProductController       : 查询单个产品,结果=null
2019-11-05 16:33:17.801  INFO 19700 --- [-auto-1-exec-10] c.i.m.controller.ProductController       : 查询单个产品,id=E002
Hibernate: select product0_.id as id1_1_0_, product0_.create_at as create_a2_1_0_, product0_.create_user as create_u3_1_0_, product0_.lock_term as lock_ter4_1_0_, product0_.memo as memo5_1_0_, product0_.name as name6_1_0_, product0_.reward_rate as reward_r7_1_0_, product0_.status as status8_1_0_, product0_.step_amount as step_amo9_1_0_, product0_.threshold_amount as thresho10_1_0_, product0_.update_at as update_11_1_0_, product0_.update_user as update_12_1_0_ from product product0_ where product0_.id=?
2019-11-05 16:33:17.806  INFO 19700 --- [-auto-1-exec-10] c.i.m.controller.ProductController       : 查询单个产品,结果=null
2019-11-05 16:33:17.812  INFO 19700 --- [o-auto-1-exec-1] c.i.m.controller.ProductController       : 查询单个产品,id=E003
Hibernate: select product0_.id as id1_1_0_, product0_.create_at as create_a2_1_0_, product0_.create_user as create_u3_1_0_, product0_.lock_term as lock_ter4_1_0_, product0_.memo as memo5_1_0_, product0_.name as name6_1_0_, product0_.reward_rate as reward_r7_1_0_, product0_.status as status8_1_0_, product0_.step_amount as step_amo9_1_0_, product0_.threshold_amount as thresho10_1_0_, product0_.update_at as update_11_1_0_, product0_.update_user as update_12_1_0_ from product product0_ where product0_.id=?
2019-11-05 16:33:17.818  INFO 19700 --- [o-auto-1-exec-1] c.i.m.controller.ProductController       : 查询单个产品,结果=null
]]></system-out>
  <system-err><![CDATA[]]></system-err>
</testsuite>
